18:05,07:078 INFO    [ProcessingContext]: Using processing tool JAVAC
18:05,07:078 INFO    [ProcessingContext]: Using processing javac ProcessingEnvironment
18:05,07:079 INFO    [ProcessingContext]: Using source path null
18:05,07:079 INFO    [MainProcessor]: Using processing env juzu.impl.compiler.ProcessingContext
18:05,07:114 FINER   [ProcessingContext]: Resolved resolved resource location=SOURCE_OUTPUT pkg=juzu relativeName=metamodel.ser from filer
18:05,07:114 INFO    [MainProcessor]: Created new meta model
18:05,07:118 INFO    [ProcessingContext]: Loading services implementation of juzu.impl.plugin.module.metamodel.ModuleMetaModelPlugin
18:05,07:124 INFO    [ProcessingContext]: Using plugins: application
18:05,07:124 INFO    [ProcessingContext]: Loading services implementation of juzu.impl.plugin.application.metamodel.ApplicationMetaModelPlugin
18:05,07:289 INFO    [ProcessingContext]: Using plugins: controller template ajax asset binding router amd
18:05,07:289 INFO    [ProcessingContext]: Plugin controller supports [juzu.Consumes, juzu.View, juzu.Action, juzu.Resource]
18:05,07:290 INFO    [ProcessingContext]: Plugin template supports [juzu.Path, juzu.template.Tags]
18:05,07:290 INFO    [ProcessingContext]: Plugin ajax supports [juzu.plugin.ajax.Ajax]
18:05,07:291 INFO    [ProcessingContext]: Plugin asset supports [juzu.plugin.asset.Stylesheets, juzu.plugin.asset.Scripts]
18:05,07:291 INFO    [ProcessingContext]: Plugin binding supports [juzu.plugin.binding.Bindings]
18:05,07:292 INFO    [ProcessingContext]: Plugin router supports [juzu.Route]
18:05,07:292 INFO    [ProcessingContext]: Plugin amd supports [juzu.plugin.amd.Modules]
18:05,07:293 INFO    [ProcessingContext]: Plugin application supports [juzu.Path, juzu.Action, juzu.View, juzu.plugin.binding.Bindings, juzu.plugin.asset.Stylesheets, juzu.Resource, juzu.plugin.ajax.Ajax, juzu.Route, juzu.Consumes, juzu.Application, juzu.template.Tags, juzu.plugin.asset.Scripts, juzu.plugin.amd.Modules]
18:05,07:293 INFO    [MainProcessor]: Starting APT round #0
18:05,07:293 INFO    [MainProcessor]: Activating model
18:05,07:301 INFO    [ProcessingContext]: Loading services implementation of juzu.template.TagHandler
18:05,07:307 INFO    [ProcessingContext]: Loaded tag handler juzu.impl.tags.DecorateTag as decorate
18:05,07:308 INFO    [ProcessingContext]: Loaded tag handler juzu.impl.tags.IncludeTag as include
18:05,07:308 INFO    [ProcessingContext]: Loaded tag handler juzu.impl.tags.InsertTag as insert
18:05,07:308 INFO    [ProcessingContext]: Loaded tag handler juzu.impl.tags.ParamTag as param
18:05,07:308 INFO    [ProcessingContext]: Loaded tag handler juzu.impl.tags.TitleTag as title
18:05,07:309 INFO    [ProcessingContext]: Loading services implementation of juzu.impl.template.spi.TemplateProvider
18:05,07:314 INFO    [MainProcessor]: Process annotations
18:05,07:314 INFO    [MainProcessor]: Post processing model
18:05,07:314 INFO    [MainProcessor]: Process events
18:05,07:314 INFO    [MainProcessor]: Post process events
18:05,07:314 INFO    [MainProcessor]: Ending APT round #0
18:05,08:432 INFO    [MainProcessor]: Starting APT round #1
18:05,08:432 INFO    [MainProcessor]: Process annotations
18:05,08:432 INFO    [MainProcessor]: Post processing model
18:05,08:433 INFO    [MainProcessor]: Process events
18:05,08:433 INFO    [MainProcessor]: Post process events
18:05,08:433 INFO    [MainProcessor]: Ending APT round #1
18:05,08:485 INFO    [MainProcessor]: APT processing over
18:05,08:486 INFO    [MainProcessor]: Passivating model
18:05,08:486 INFO    [ProcessingContext]: Emitting module config
18:05,08:486 INFO    [ProcessingContext]: Passivating templates
