10:47,23:038 FINER   [ProcessingContext]: Resolved resolved resource location=SOURCE_OUTPUT pkg=juzu relativeName=processor.log from filer
10:47,23:038 FINER   [ProcessingContext]: Caching locally resolved resource location=SOURCE_OUTPUT pkg=juzu relativeName=processor.log from filer
10:47,23:088 INFO    [MainProcessor]: Starting APT round #1
10:47,23:088 INFO    [MainProcessor]: Process annotations
10:47,23:089 INFO    [BaseProcessor]: Compilation error: Exception : java.lang.NullPointerException
java.lang.NullPointerException
	at juzu.impl.metamodel.MetaModelProcessor.doProcess(MetaModelProcessor.java:158)
	at juzu.impl.compiler.BaseProcessor.process(BaseProcessor.java:156)
	at org.eclipse.jdt.internal.compiler.apt.dispatch.RoundDispatcher.handleProcessor(RoundDispatcher.java:142)
	at org.eclipse.jdt.internal.compiler.apt.dispatch.RoundDispatcher.round(RoundDispatcher.java:113)
	at org.eclipse.jdt.internal.compiler.apt.dispatch.BaseAnnotationProcessorManager.processAnnotations(BaseAnnotationProcessorManager.java:171)
	at org.eclipse.jdt.internal.apt.pluggable.core.dispatch.IdeAnnotationProcessorManager.processAnnotations(IdeAnnotationProcessorManager.java:138)
	at org.eclipse.jdt.internal.compiler.Compiler.processAnnotations(Compiler.java:940)
	at org.eclipse.jdt.internal.compiler.Compiler.compile(Compiler.java:450)
	at org.eclipse.jdt.internal.compiler.Compiler.compile(Compiler.java:426)
	at org.eclipse.jdt.internal.core.builder.AbstractImageBuilder.compile(AbstractImageBuilder.java:386)
	at org.eclipse.jdt.internal.core.builder.IncrementalImageBuilder.compile(IncrementalImageBuilder.java:371)
	at org.eclipse.jdt.internal.core.builder.AbstractImageBuilder.compile(AbstractImageBuilder.java:318)
	at org.eclipse.jdt.internal.core.builder.IncrementalImageBuilder.incrementalBuildLoop(IncrementalImageBuilder.java:186)
	at org.eclipse.jdt.internal.core.builder.IncrementalImageBuilder.build(IncrementalImageBuilder.java:143)
	at org.eclipse.jdt.internal.core.builder.JavaBuilder.buildDeltas(JavaBuilder.java:279)
	at org.eclipse.jdt.internal.core.builder.JavaBuilder.build(JavaBuilder.java:200)
	at org.eclipse.core.internal.events.BuildManager$2.run(BuildManager.java:833)
	at org.eclipse.core.runtime.SafeRunner.run(SafeRunner.java:45)
	at org.eclipse.core.internal.events.BuildManager.basicBuild(BuildManager.java:220)
	at org.eclipse.core.internal.events.BuildManager.basicBuild(BuildManager.java:263)
	at org.eclipse.core.internal.events.BuildManager$1.run(BuildManager.java:316)
	at org.eclipse.core.runtime.SafeRunner.run(SafeRunner.java:45)
	at org.eclipse.core.internal.events.BuildManager.basicBuild(BuildManager.java:319)
	at org.eclipse.core.internal.events.BuildManager.basicBuildLoop(BuildManager.java:371)
	at org.eclipse.core.internal.events.BuildManager.build(BuildManager.java:392)
	at org.eclipse.core.internal.events.AutoBuildJob.doBuild(AutoBuildJob.java:154)
	at org.eclipse.core.internal.events.AutoBuildJob.run(AutoBuildJob.java:244)
	at org.eclipse.core.internal.jobs.Worker.run(Worker.java:63)

10:47,23:089 INFO    [MainProcessor]: Starting APT round #1
10:47,23:089 INFO    [MainProcessor]: Process annotations
10:47,23:090 INFO    [BaseProcessor]: Compilation error: Exception : java.lang.NullPointerException
java.lang.NullPointerException
	at juzu.impl.metamodel.MetaModelProcessor.doProcess(MetaModelProcessor.java:158)
	at juzu.impl.compiler.BaseProcessor.process(BaseProcessor.java:156)
	at org.eclipse.jdt.internal.compiler.apt.dispatch.RoundDispatcher.handleProcessor(RoundDispatcher.java:142)
	at org.eclipse.jdt.internal.compiler.apt.dispatch.RoundDispatcher.round(RoundDispatcher.java:113)
	at org.eclipse.jdt.internal.compiler.apt.dispatch.BaseAnnotationProcessorManager.processAnnotations(BaseAnnotationProcessorManager.java:171)
	at org.eclipse.jdt.internal.apt.pluggable.core.dispatch.IdeAnnotationProcessorManager.processAnnotations(IdeAnnotationProcessorManager.java:138)
	at org.eclipse.jdt.internal.compiler.Compiler.processAnnotations(Compiler.java:940)
	at org.eclipse.jdt.internal.compiler.Compiler.compile(Compiler.java:450)
	at org.eclipse.jdt.internal.compiler.Compiler.compile(Compiler.java:426)
	at org.eclipse.jdt.internal.core.builder.AbstractImageBuilder.compile(AbstractImageBuilder.java:386)
	at org.eclipse.jdt.internal.core.builder.IncrementalImageBuilder.compile(IncrementalImageBuilder.java:371)
	at org.eclipse.jdt.internal.core.builder.AbstractImageBuilder.compile(AbstractImageBuilder.java:318)
	at org.eclipse.jdt.internal.core.builder.IncrementalImageBuilder.incrementalBuildLoop(IncrementalImageBuilder.java:186)
	at org.eclipse.jdt.internal.core.builder.IncrementalImageBuilder.build(IncrementalImageBuilder.java:143)
	at org.eclipse.jdt.internal.core.builder.JavaBuilder.buildDeltas(JavaBuilder.java:279)
	at org.eclipse.jdt.internal.core.builder.JavaBuilder.build(JavaBuilder.java:200)
	at org.eclipse.core.internal.events.BuildManager$2.run(BuildManager.java:833)
	at org.eclipse.core.runtime.SafeRunner.run(SafeRunner.java:45)
	at org.eclipse.core.internal.events.BuildManager.basicBuild(BuildManager.java:220)
	at org.eclipse.core.internal.events.BuildManager.basicBuild(BuildManager.java:263)
	at org.eclipse.core.internal.events.BuildManager$1.run(BuildManager.java:316)
	at org.eclipse.core.runtime.SafeRunner.run(SafeRunner.java:45)
	at org.eclipse.core.internal.events.BuildManager.basicBuild(BuildManager.java:319)
	at org.eclipse.core.internal.events.BuildManager.basicBuildLoop(BuildManager.java:371)
	at org.eclipse.core.internal.events.BuildManager.build(BuildManager.java:392)
	at org.eclipse.core.internal.events.AutoBuildJob.doBuild(AutoBuildJob.java:154)
	at org.eclipse.core.internal.events.AutoBuildJob.run(AutoBuildJob.java:244)
	at org.eclipse.core.internal.jobs.Worker.run(Worker.java:63)

10:47,23:090 INFO    [MainProcessor]: APT processing over
10:47,23:091 INFO    [MainProcessor]: Passivating model
10:47,23:091 INFO    [BaseProcessor]: Compilation error: Exception : java.lang.NullPointerException
java.lang.NullPointerException
	at juzu.impl.metamodel.MetaModelProcessor.doProcess(MetaModelProcessor.java:109)
	at juzu.impl.compiler.BaseProcessor.process(BaseProcessor.java:156)
	at org.eclipse.jdt.internal.compiler.apt.dispatch.RoundDispatcher.handleProcessor(RoundDispatcher.java:142)
	at org.eclipse.jdt.internal.compiler.apt.dispatch.RoundDispatcher.round(RoundDispatcher.java:113)
	at org.eclipse.jdt.internal.compiler.apt.dispatch.BaseAnnotationProcessorManager.processAnnotations(BaseAnnotationProcessorManager.java:171)
	at org.eclipse.jdt.internal.apt.pluggable.core.dispatch.IdeAnnotationProcessorManager.processAnnotations(IdeAnnotationProcessorManager.java:138)
	at org.eclipse.jdt.internal.compiler.Compiler.processAnnotations(Compiler.java:978)
	at org.eclipse.jdt.internal.compiler.Compiler.compile(Compiler.java:450)
	at org.eclipse.jdt.internal.compiler.Compiler.compile(Compiler.java:426)
	at org.eclipse.jdt.internal.core.builder.AbstractImageBuilder.compile(AbstractImageBuilder.java:386)
	at org.eclipse.jdt.internal.core.builder.IncrementalImageBuilder.compile(IncrementalImageBuilder.java:371)
	at org.eclipse.jdt.internal.core.builder.AbstractImageBuilder.compile(AbstractImageBuilder.java:318)
	at org.eclipse.jdt.internal.core.builder.IncrementalImageBuilder.incrementalBuildLoop(IncrementalImageBuilder.java:186)
	at org.eclipse.jdt.internal.core.builder.IncrementalImageBuilder.build(IncrementalImageBuilder.java:143)
	at org.eclipse.jdt.internal.core.builder.JavaBuilder.buildDeltas(JavaBuilder.java:279)
	at org.eclipse.jdt.internal.core.builder.JavaBuilder.build(JavaBuilder.java:200)
	at org.eclipse.core.internal.events.BuildManager$2.run(BuildManager.java:833)
	at org.eclipse.core.runtime.SafeRunner.run(SafeRunner.java:45)
	at org.eclipse.core.internal.events.BuildManager.basicBuild(BuildManager.java:220)
	at org.eclipse.core.internal.events.BuildManager.basicBuild(BuildManager.java:263)
	at org.eclipse.core.internal.events.BuildManager$1.run(BuildManager.java:316)
	at org.eclipse.core.runtime.SafeRunner.run(SafeRunner.java:45)
	at org.eclipse.core.internal.events.BuildManager.basicBuild(BuildManager.java:319)
	at org.eclipse.core.internal.events.BuildManager.basicBuildLoop(BuildManager.java:371)
	at org.eclipse.core.internal.events.BuildManager.build(BuildManager.java:392)
	at org.eclipse.core.internal.events.AutoBuildJob.doBuild(AutoBuildJob.java:154)
	at org.eclipse.core.internal.events.AutoBuildJob.run(AutoBuildJob.java:244)
	at org.eclipse.core.internal.jobs.Worker.run(Worker.java:63)

10:47,22:134 INFO    [ProcessingContext]: Using processing tool JAVAC
10:47,22:137 INFO    [ProcessingContext]: Using processing javac ProcessingEnvironment
10:47,22:140 INFO    [ProcessingContext]: Using source path null
10:47,22:140 INFO    [MainProcessor]: Using processing env juzu.impl.compiler.ProcessingContext
10:47,22:150 FINER   [ProcessingContext]: Resolved resolved resource location=SOURCE_OUTPUT pkg=juzu relativeName=metamodel.ser from filer
10:47,22:155 INFO    [MainProcessor]: Created new meta model
10:47,22:163 INFO    [ProcessingContext]: Loading services implementation of juzu.impl.plugin.module.metamodel.ModuleMetaModelPlugin
10:47,22:269 INFO    [ProcessingContext]: Using plugins: application less
10:47,22:270 INFO    [ProcessingContext]: Loading services implementation of juzu.impl.plugin.application.metamodel.ApplicationMetaModelPlugin
10:47,22:515 INFO    [ProcessingContext]: Using plugins: controller template ajax asset binding router amd portlet plf4-ajax
10:47,22:517 INFO    [ProcessingContext]: Plugin controller supports [juzu.Consumes, juzu.Action, juzu.View, juzu.Resource]
10:47,22:517 INFO    [ProcessingContext]: Plugin template supports [juzu.Path, juzu.template.Tags]
10:47,22:519 INFO    [ProcessingContext]: Plugin ajax supports [juzu.plugin.ajax.Ajax]
10:47,22:519 INFO    [ProcessingContext]: Plugin asset supports [juzu.plugin.asset.Stylesheets, juzu.plugin.asset.Scripts]
10:47,22:519 INFO    [ProcessingContext]: Plugin binding supports [juzu.plugin.binding.Bindings]
10:47,22:520 INFO    [ProcessingContext]: Plugin router supports [juzu.Route]
10:47,22:520 INFO    [ProcessingContext]: Plugin amd supports [juzu.plugin.amd.Modules]
10:47,22:522 INFO    [ProcessingContext]: Plugin portlet supports [juzu.plugin.portlet.Portlet]
10:47,22:523 INFO    [ProcessingContext]: Plugin plf4-ajax supports [org.exoplatform.commons.juzu.ajax.Ajax]
10:47,22:523 INFO    [ProcessingContext]: Plugin application supports [juzu.Path, juzu.Action, juzu.View, juzu.plugin.binding.Bindings, juzu.plugin.asset.Stylesheets, juzu.Resource, juzu.plugin.ajax.Ajax, juzu.Route, juzu.Consumes, juzu.Application, juzu.plugin.portlet.Portlet, juzu.template.Tags, juzu.plugin.asset.Scripts, juzu.plugin.amd.Modules, org.exoplatform.commons.juzu.ajax.Ajax]
10:47,22:524 INFO    [ProcessingContext]: Plugin less supports [juzu.plugin.less.Less]
10:47,22:524 INFO    [MainProcessor]: Starting APT round #0
10:47,22:524 INFO    [MainProcessor]: Activating model
10:47,22:534 INFO    [ProcessingContext]: Loading services implementation of juzu.template.TagHandler
10:47,22:541 INFO    [ProcessingContext]: Loaded tag handler juzu.impl.tags.DecorateTag as decorate
10:47,22:541 INFO    [ProcessingContext]: Loaded tag handler juzu.impl.tags.IncludeTag as include
10:47,22:541 INFO    [ProcessingContext]: Loaded tag handler juzu.impl.tags.InsertTag as insert
10:47,22:580 INFO    [ProcessingContext]: Loaded tag handler juzu.impl.tags.ParamTag as param
10:47,22:580 INFO    [ProcessingContext]: Loaded tag handler juzu.impl.tags.TitleTag as title
10:47,22:591 INFO    [ProcessingContext]: Loading services implementation of juzu.impl.template.spi.TemplateProvider
10:47,22:595 INFO    [MainProcessor]: Process annotations
10:47,22:597 INFO    [MainProcessor]: Post processing model
10:47,22:599 INFO    [MainProcessor]: Process events
10:47,22:600 INFO    [MainProcessor]: Post process events
10:47,22:604 INFO    [MainProcessor]: Ending APT round #0
10:47,23:274 INFO    [MainProcessor]: APT processing over
10:47,23:274 INFO    [MainProcessor]: Passivating model
10:47,23:275 INFO    [ProcessingContext]: Emitting module config
10:47,23:276 INFO    [ProcessingContext]: Passivating templates
